"e","","No Phanon history found: /Users/beccazitting/USU/SENIOR/1 - SUMMER/5700/Assn5/src/main/kotlin/Strategies/showyourwork/showyourwork.log Player unable to render
","0","1655357770475","CellSolutionStrategy.kt","1.1.3 for 2021-2022 @t1",
"e","","","0","1655357770475","CellSolutionStrategy.kt","1.1.3 for 2021-2022 @t1",
"e","","No Phanon history found: /Users/beccazitting/USU/SENIOR/1 - SUMMER/5700/Assn5/src/main/kotlin/Strategies/showyourwork/showyourwork.log Player unable to render
","0","1655357770475","OnlyOnePlace.kt","1.1.3 for 2021-2022 @t1",
"e","","","0","1655357770475","OnlyOnePlace.kt","1.1.3 for 2021-2022 @t1",
"e","","No Phanon history found: /Users/beccazitting/USU/SENIOR/1 - SUMMER/5700/Assn5/src/main/kotlin/Strategies/showyourwork/showyourwork.log Player unable to render
","0","1655357770476","Twins.kt","1.1.3 for 2021-2022 @t1",
"e","","","0","1655357770476","Twins.kt","1.1.3 for 2021-2022 @t1",
"e","","No Phanon history found: /Users/beccazitting/USU/SENIOR/1 - SUMMER/5700/Assn5/src/main/kotlin/Strategies/showyourwork/showyourwork.log Player unable to render
","0","1655357770477","Guess.kt","1.1.3 for 2021-2022 @t1",
"e","","","0","1655357770477","Guess.kt","1.1.3 for 2021-2022 @t1",
"e","","No Phanon history found: /Users/beccazitting/USU/SENIOR/1 - SUMMER/5700/Assn5/src/main/kotlin/Strategies/showyourwork/showyourwork.log Player unable to render
","0","1655357770478","ApplyChanges.kt","1.1.3 for 2021-2022 @t1",
"e","","","0","1655357770478","ApplyChanges.kt","1.1.3 for 2021-2022 @t1",
"e","","No Phanon history found: /Users/beccazitting/USU/SENIOR/1 - SUMMER/5700/Assn5/src/main/kotlin/Strategies/showyourwork/showyourwork.log Player unable to render
","0","1655357770479","OnlyOnePossibility.kt","1.1.3 for 2021-2022 @t1",
"e","","","0","1655357770479","OnlyOnePossibility.kt","1.1.3 for 2021-2022 @t1",
"e","","No Phanon history found: /Users/beccazitting/USU/SENIOR/1 - SUMMER/5700/Assn5/src/main/kotlin/Strategies/showyourwork/showyourwork.log Player unable to render
","0","1655357770479","GuessStrategy.kt","1.1.3 for 2021-2022 @t1",
"e","","","0","1655357770479","GuessStrategy.kt","1.1.3 for 2021-2022 @t1",
"e","","No Phanon history found: /Users/beccazitting/USU/SENIOR/1 - SUMMER/5700/Assn5/src/main/kotlin/Strategies/showyourwork/showyourwork.log Player unable to render
","0","1655357770479","OnlyOnePossibilityStrategy.kt","1.1.3 for 2021-2022 @t1",
"e","","","0","1655357770479","OnlyOnePossibilityStrategy.kt","1.1.3 for 2021-2022 @t1",
"e","","No Phanon history found: /Users/beccazitting/USU/SENIOR/1 - SUMMER/5700/Assn5/src/main/kotlin/Strategies/showyourwork/showyourwork.log Player unable to render
","0","1655357770480","OnlyOnePlaceStrategy.kt","1.1.3 for 2021-2022 @t1",
"e","","","0","1655357770480","OnlyOnePlaceStrategy.kt","1.1.3 for 2021-2022 @t1",
