/src/main/kotlin/Main.kt
/src/main/kotlin/CellSolutionStrategy.kt
/src/main/kotlin/Puzzle.kt
/src/main/kotlin/Cell.kt
/src/main/kotlin/Strategies/CellSolutionStrategy.kt
/src/main/kotlin/Strategies/OnlyOnePlace.kt
/src/main/kotlin/Strategies/showyourwork/OnlyOnePossibility.kt
/src/main/kotlin/Strategies/Twins.kt
/src/main/kotlin/Strategies/Guess.kt
/src/test/kotlin/PuzzleTest.java
/src/test/kotlin/PuzzleTest.kt
/src/main/kotlin/Box.kt
/src/main/kotlin/Strategies/ApplyChanges.kt
/src/main/kotlin/Strategies/OnlyOnePossibility.kt
/src/main/kotlin/Strategies/GuessStrategy.kt
/src/main/kotlin/Strategies/OnlyOnePossibilityStrategy.kt
/.idea/workspace.xml
/src/main/kotlin/Strategies/OnlyOnePlaceStrategy.kt
/src/test/kotlin/Strategies/OnlyOnePlaceStrategyTest.java
/src/test/kotlin/Strategies/OnlyOnePlaceStrategyTest0.java
/src/test/kotlin/Strategies/OnlyOnePlaceStrategyTest.kt
/src/test/kotlin/Strategies/OnlyOnePossibilityStrategyTest.java
/src/test/kotlin/Strategies/OnlyOnePossibilityStrategyTest.kt
/src/test/kotlin/CellTest.java
/src/test/kotlin/CellTest.kt
/.idea/.gitignore
/src/main/kotlin/States/StartState.kt
/src/main/kotlin/Contexts/Detector.kt
/src/main/kotlin/States/InvalidState.kt
/src/main/kotlin/States/ValidNumberState.kt
/src/main/kotlin/States/ValidCharacterState.kt
/src/main/kotlin/Contexts/BinaryDetector.kt
/src/main/kotlin/Contexts/EmailDetector.kt
/src/main/kotlin/Contexts/FloatingPtDetector.kt
/src/main/kotlin/Contexts/IntegerDetector.kt
/src/main/kotlin/Contexts/PasswordDetector.kt
/src/test/kotlin/Contexts/IntegerDetectorTest.java
/src/test/kotlin/Contexts/IntegerDetectorTest.kt
/src/main/kotlin/States/ValidSymbolState.kt
/src/test/kotlin/Contexts/BinaryDetectorTest.java
/src/test/kotlin/Contexts/EmailDetectorTest.java
/src/test/kotlin/Contexts/FloatingPtDetectorTest.java
/src/test/kotlin/Contexts/PasswordDetectorTest.java
/src/test/kotlin/Contexts/FloatingPtDetectorTest.kt
/src/test/kotlin/Contexts/BinaryDetectorTest.kt
/src/test/kotlin/Contexts/EmailDetectorTest.kt
/src/test/kotlin/Contexts/PasswordDetectorTest.kt
