"a","Outside edit","","","1655357770471","Main.kt","1.1.3 for 2021-2022 @t1",
"a","Outside edit","","","1655357770473","CellSolutionStrategy.kt","1.1.3 for 2021-2022 @t1",
"a","Outside edit","","","1655357770474","Puzzle.kt","1.1.3 for 2021-2022 @t1",
"a","Outside edit","","","1655357770474","Cell.kt","1.1.3 for 2021-2022 @t1",
"a","Outside edit","","","1655357770475","CellSolutionStrategy.kt","1.1.3 for 2021-2022 @t1",
"a","Outside edit","","","1655357770475","OnlyOnePlace.kt","1.1.3 for 2021-2022 @t1",
"a","Outside edit","","","1655357770476","OnlyOnePossibility.kt","1.1.3 for 2021-2022 @t1",
"a","Outside edit","","","1655357770476","Twins.kt","1.1.3 for 2021-2022 @t1",
"a","Outside edit","","","1655357770477","Guess.kt","1.1.3 for 2021-2022 @t1",
"a","Outside edit","","","1655357770477","PuzzleTest.java","1.1.3 for 2021-2022 @t1",
"a","Outside edit","","","1655357770477","PuzzleTest.kt","1.1.3 for 2021-2022 @t1",
"a","Outside edit","","","1655357770478","Box.kt","1.1.3 for 2021-2022 @t1",
"a","Outside edit","","","1655357770478","ApplyChanges.kt","1.1.3 for 2021-2022 @t1",
"a","Outside edit","","","1655357770479","OnlyOnePossibility.kt","1.1.3 for 2021-2022 @t1",
"a","Outside edit","","","1655357770479","GuessStrategy.kt","1.1.3 for 2021-2022 @t1",
"a","Outside edit","","","1655357770479","OnlyOnePossibilityStrategy.kt","1.1.3 for 2021-2022 @t1",
"a","Outside edit","","","1655357770480","workspace.xml","1.1.3 for 2021-2022 @t1",
"a","Outside edit","","","1655357770480","OnlyOnePlaceStrategy.kt","1.1.3 for 2021-2022 @t1",
"a","Outside edit","","","1655357770481","OnlyOnePlaceStrategyTest.java","1.1.3 for 2021-2022 @t1",
"a","Outside edit","","","1655357770481","OnlyOnePlaceStrategyTest0.java","1.1.3 for 2021-2022 @t1",
"a","Outside edit","","","1655357770481","OnlyOnePlaceStrategyTest.kt","1.1.3 for 2021-2022 @t1",
"a","Outside edit","","","1655357770482","OnlyOnePossibilityStrategyTest.java","1.1.3 for 2021-2022 @t1",
"a","Outside edit","","","1655357770482","OnlyOnePossibilityStrategyTest.kt","1.1.3 for 2021-2022 @t1",
"a","Outside edit","","","1655357770483","CellTest.java","1.1.3 for 2021-2022 @t1",
"a","Outside edit","","","1655357770483","CellTest.kt","1.1.3 for 2021-2022 @t1",
"a","ShowYourWork Init","","","000","ShowYourWork Init","1.1.3 for 2021-2022 @t1",
"a","Outside edit","","","1655694892375","CellSolutionStrategy.kt","1.1.3 for 2021-2022 @t1",
"a","Outside edit","","","1655694892377","OnlyOnePlace.kt","1.1.3 for 2021-2022 @t1",
"a","Outside edit","","","1655694892377","OnlyOnePossibility.kt","1.1.3 for 2021-2022 @t1",
"a","Outside edit","","","1655694892377","Twins.kt","1.1.3 for 2021-2022 @t1",
"a","Outside edit","","","1655694892378","Guess.kt","1.1.3 for 2021-2022 @t1",
"a","Outside edit","","","1655694892382","ApplyChanges.kt","1.1.3 for 2021-2022 @t1",
"a","Outside edit","","","1655694892382","OnlyOnePossibility.kt","1.1.3 for 2021-2022 @t1",
"a","Outside edit","","","1655694892383","GuessStrategy.kt","1.1.3 for 2021-2022 @t1",
"a","Outside edit","","","1655694892383","OnlyOnePossibilityStrategy.kt","1.1.3 for 2021-2022 @t1",
"a","Outside edit","","","1655694892384","workspace.xml","1.1.3 for 2021-2022 @t1",
"a","Outside edit","","","1655694892384","OnlyOnePlaceStrategy.kt","1.1.3 for 2021-2022 @t1",
"a","Outside edit","","","1655694892394",".gitignore","1.1.3 for 2021-2022 @t1",
"a","ShowYourWork Init","","","000","ShowYourWork Init","1.1.3 for 2021-2022 @t1",
"a","Outside edit","","","1655859175036","CellSolutionStrategy.kt","1.1.3 for 2021-2022 @t1",
"a","Outside edit","","","1655859175038","OnlyOnePlace.kt","1.1.3 for 2021-2022 @t1",
"a","Outside edit","","","1655859175038","OnlyOnePossibility.kt","1.1.3 for 2021-2022 @t1",
"a","Outside edit","","","1655859175039","Twins.kt","1.1.3 for 2021-2022 @t1",
"a","Outside edit","","","1655859175039","Guess.kt","1.1.3 for 2021-2022 @t1",
"a","Outside edit","","","1655859175046","ApplyChanges.kt","1.1.3 for 2021-2022 @t1",
"a","Outside edit","","","1655859175046","OnlyOnePossibility.kt","1.1.3 for 2021-2022 @t1",
"a","Outside edit","","","1655859175047","GuessStrategy.kt","1.1.3 for 2021-2022 @t1",
"a","Outside edit","","","1655859175047","OnlyOnePossibilityStrategy.kt","1.1.3 for 2021-2022 @t1",
"a","Outside edit","","","1655859175048","workspace.xml","1.1.3 for 2021-2022 @t1",
"a","Outside edit","","","1655859175049","OnlyOnePlaceStrategy.kt","1.1.3 for 2021-2022 @t1",
"a","Outside edit","","","1655859175065",".gitignore","1.1.3 for 2021-2022 @t1",
"a","Outside edit","","","1655859175117","StartState.kt","1.1.3 for 2021-2022 @t1",
"a","Outside edit","","","1655859175187","Detector.kt","1.1.3 for 2021-2022 @t1",
"a","Outside edit","","","1655859175235","InvalidState.kt","1.1.3 for 2021-2022 @t1",
"a","Outside edit","","","1655859175306","ValidNumberState.kt","1.1.3 for 2021-2022 @t1",
"a","Outside edit","","","1655859175355","ValidCharacterState.kt","1.1.3 for 2021-2022 @t1",
"a","Outside edit","","","1655859175394","BinaryDetector.kt","1.1.3 for 2021-2022 @t1",
"a","Outside edit","","","1655859175437","EmailDetector.kt","1.1.3 for 2021-2022 @t1",
"a","Outside edit","","","1655859175485","FloatingPtDetector.kt","1.1.3 for 2021-2022 @t1",
"a","Outside edit","","","1655859175561","IntegerDetector.kt","1.1.3 for 2021-2022 @t1",
"a","Outside edit","","","1655859175620","PasswordDetector.kt","1.1.3 for 2021-2022 @t1",
"a","Outside edit","","","1655859175670","IntegerDetectorTest.java","1.1.3 for 2021-2022 @t1",
"a","Outside edit","","","1655859175739","IntegerDetectorTest.kt","1.1.3 for 2021-2022 @t1",
"a","Outside edit","","","1655859175795","ValidSymbolState.kt","1.1.3 for 2021-2022 @t1",
"a","Outside edit","","","1655859175863","BinaryDetectorTest.java","1.1.3 for 2021-2022 @t1",
"a","Outside edit","","","1655859175932","EmailDetectorTest.java","1.1.3 for 2021-2022 @t1",
"a","Outside edit","","","1655859175998","FloatingPtDetectorTest.java","1.1.3 for 2021-2022 @t1",
"a","Outside edit","","","1655859176053","PasswordDetectorTest.java","1.1.3 for 2021-2022 @t1",
"a","Outside edit","","","1655859176111","FloatingPtDetectorTest.kt","1.1.3 for 2021-2022 @t1",
"a","Outside edit","","","1655859176248","EmailDetectorTest.kt","1.1.3 for 2021-2022 @t1",
"a","Outside edit","","","1655859176356","ValidStartState.kt","1.1.3 for 2021-2022 @t1",
"a","ShowYourWork Init","","","000","ShowYourWork Init","1.1.3 for 2021-2022 @t1",
